2020-06-30 17:12:51,532 dellemc_powermax_storagegroup.py INFO : universion_details: {'user_message': '', 'is_valid_universion': True}
2020-06-30 17:12:51,538 dellemc_powermax_storagegroup.py INFO : Got PyU4V instance for provisioning on PowerMax 
2020-06-30 17:12:51,539 dellemc_powermax_storagegroup.py INFO : Getting storage group NishuTest details
2020-06-30 17:12:52,120 dellemc_powermax_storagegroup.py INFO : The storage group False needs to be modified and the modified param are {} 
2020-06-30 17:12:52,120 dellemc_powermax_storagegroup.py INFO : Get volumes for storage group NishuTest
2020-06-30 17:12:52,120 dellemc_powermax_storagegroup.py INFO : Getting the list of volumes from storage group NishuTest
2020-06-30 17:12:52,130 dellemc_powermax_storagegroup.py INFO : 11 volumes present in storage group NishuTest
2020-06-30 17:12:52,130 dellemc_powermax_storagegroup.py INFO : Found storage group {u'compression': False, u'num_of_masking_views': 0, u'device_emulation': u'FBA', u'slo_compliance': u'NONE', u'storageGroupId': u'NishuTest', u'num_of_vols': 11, u'num_of_child_sgs': 0, u'cap_gb': 42.01, u'VPSaved': u'N/A', u'num_of_parent_sgs': 0, u'slo': u'NONE', u'unprotected': True, u'num_of_snapshots': 0, u'type': u'Standalone'}
2020-06-30 17:12:52,130 dellemc_powermax_storagegroup.py INFO : Getting storage group NishuTest details
2020-06-30 17:12:52,794 dellemc_powermax_storagegroup.py INFO : universion_details: {'user_message': '', 'is_valid_universion': True}
2020-06-30 17:12:52,801 dellemc_powermax_storagegroup.py INFO : Got PyU4V instance for provisioning on PowerMax 
2020-06-30 17:12:52,801 dellemc_powermax_storagegroup.py INFO : Getting storage group NishuTest details
2020-06-30 17:12:52,835 dellemc_powermax_storagegroup.py INFO : The storage group False needs to be modified and the modified param are {} 
2020-06-30 17:12:52,835 dellemc_powermax_storagegroup.py INFO : Remove existing volume(s) from storage group NishuTest
2020-06-30 17:12:58,000 dellemc_powermax_storagegroup.py INFO : Found storage group {u'compression': False, u'num_of_masking_views': 0, u'device_emulation': u'FBA', u'slo_compliance': u'NONE', u'storageGroupId': u'NishuTest', u'num_of_vols': 11, u'num_of_child_sgs': 0, u'cap_gb': 42.01, u'VPSaved': u'N/A', u'num_of_parent_sgs': 0, u'slo': u'NONE', u'unprotected': True, u'num_of_snapshots': 0, u'type': u'Standalone'}
2020-06-30 17:12:58,000 dellemc_powermax_storagegroup.py INFO : Getting storage group NishuTest details
2020-06-30 17:12:58,489 dellemc_powermax_storagegroup.py INFO : universion_details: {'user_message': '', 'is_valid_universion': True}
2020-06-30 17:12:58,494 dellemc_powermax_storagegroup.py INFO : Got PyU4V instance for provisioning on PowerMax 
2020-06-30 17:12:58,494 dellemc_powermax_storagegroup.py INFO : Getting storage group NishuTest details
2020-06-30 17:12:58,527 dellemc_powermax_storagegroup.py INFO : The storage group False needs to be modified and the modified param are {} 
2020-06-30 17:12:58,528 dellemc_powermax_storagegroup.py INFO : Get volumes for storage group NishuTest
2020-06-30 17:12:58,528 dellemc_powermax_storagegroup.py INFO : Getting the list of volumes from storage group NishuTest
2020-06-30 17:12:58,538 dellemc_powermax_storagegroup.py INFO : 10 volumes present in storage group NishuTest
2020-06-30 17:12:58,538 dellemc_powermax_storagegroup.py INFO : Found storage group {u'compression': False, u'num_of_masking_views': 0, u'device_emulation': u'FBA', u'slo_compliance': u'NONE', u'storageGroupId': u'NishuTest', u'num_of_vols': 10, u'num_of_child_sgs': 0, u'cap_gb': 40.01, u'VPSaved': u'N/A', u'num_of_parent_sgs': 0, u'slo': u'NONE', u'unprotected': True, u'num_of_snapshots': 0, u'type': u'Standalone'}
2020-06-30 17:12:58,538 dellemc_powermax_storagegroup.py INFO : Getting storage group NishuTest details
2020-06-30 17:12:59,380 dellemc_powermax_volume.py INFO : universion_details: {'user_message': '', 'is_valid_universion': True}
2020-06-30 17:12:59,384 dellemc_powermax_volume.py INFO : Got PyU4V instance for provisioning on to VMAX 
2020-06-30 17:12:59,384 dellemc_powermax_volume.py INFO : Getting volume 00DB5 details using native id
2020-06-30 17:12:59,746 dellemc_powermax_volume.py INFO : Deleting volume 00DB5 
2020-06-30 17:13:09,546 dellemc_powermax_volume.py INFO : Getting volume 00DB5 details using native id
2020-06-30 17:13:09,664 dellemc_powermax_volume.py ERROR : Got error The requested resource was not found: Error get volume. The status code received is 404 and the message is {u'message': u'Volume [00DB5] on Symmetrix [000197600361] cannot be found'}. while getting details of volume The requested resource was not found: Error get volume. The status code received is 404 and the message is {u'message': u'Volume [00DB5] on Symmetrix [000197600361] cannot be found'}.
